[debug] [2023-01-24T01:39:40.813Z] ----------------------------------------------------------------------
[debug] [2023-01-24T01:39:40.814Z] Command:       /usr/local/bin/node /usr/local/bin/firebase init
[debug] [2023-01-24T01:39:40.814Z] CLI Version:   11.21.0
[debug] [2023-01-24T01:39:40.814Z] Platform:      linux
[debug] [2023-01-24T01:39:40.815Z] Node Version:  v18.13.0
[debug] [2023-01-24T01:39:40.815Z] Time:          Mon Jan 23 2023 20:39:40 GMT-0500 (Eastern Standard Time)
[debug] [2023-01-24T01:39:40.815Z] ----------------------------------------------------------------------
[debug] 
[debug] [2023-01-24T01:39:40.864Z] > command requires scopes: ["email","openid","https://www.googleapis.com/auth/cloudplatformprojects.readonly","https://www.googleapis.com/auth/firebase","https://www.googleapis.com/auth/cloud-platform"]
[debug] [2023-01-24T01:39:40.865Z] > authorizing via signed-in user (matthewzahar@gmail.com)
[info] 
     ######## #### ########  ######## ########     ###     ######  ########
     ##        ##  ##     ## ##       ##     ##  ##   ##  ##       ##
     ######    ##  ########  ######   ########  #########  ######  ######
     ##        ##  ##    ##  ##       ##     ## ##     ##       ## ##
     ##       #### ##     ## ######## ########  ##     ##  ######  ########

You're about to initialize a Firebase project in this directory:

  /home/mzahar

Before we get started, keep in mind:

  * You are initializing within an existing Firebase project directory

[info] 
=== Project Setup
[info] 
[info] First, let's associate this project directory with a Firebase project.
[info] You can create multiple project aliases by running firebase use --add, 
[info] but for now we'll just set up a default project.
[info] 
[debug] [2023-01-24T01:40:16.878Z] Using project from CLI flag: angular-landing-page
[debug] [2023-01-24T01:40:16.880Z] >>> [apiv2][query] GET https://firebase.googleapis.com/v1beta1/projects/angular-landing-page [none]
[debug] [2023-01-24T01:40:17.170Z] <<< [apiv2][status] GET https://firebase.googleapis.com/v1beta1/projects/angular-landing-page 403
[debug] [2023-01-24T01:40:17.170Z] <<< [apiv2][body] GET https://firebase.googleapis.com/v1beta1/projects/angular-landing-page {"error":{"code":403,"message":"The caller does not have permission","status":"PERMISSION_DENIED"}}
[debug] [2023-01-24T01:40:17.171Z] HTTP Error: 403, The caller does not have permission
[debug] [2023-01-24T01:40:17.324Z] FirebaseError: HTTP Error: 403, The caller does not have permission
    at responseToError (/usr/local/lib/node_modules/firebase-tools/lib/responseToError.js:49:12)
    at RetryOperation._fn (/usr/local/lib/node_modules/firebase-tools/lib/apiv2.js:288:77)
    at process.processTicksAndRejections (node:internal/process/task_queues:95:5)
[error] 
[error] Error: Failed to get Firebase project angular-landing-page. Please make sure the project exists and your account has permission to access it.
